<?xml version="1.0" encoding="UTF-8"?>
<!-- Generated by org.testng.reporters.JUnitXMLReporter -->
<testsuite ignored="2" hostname="DESKTOP-BUGKGO7" failures="3" tests="24" name="Surefire test" time="43.885" errors="0" timestamp="2026-04-28T16:08:25 IST">
  <testcase classname="org.firsttestng.ParameterTest" name="@BeforeClass setup" time="-1.777372683973E9">
    <failure type="org.testng.TestNGException" message="
Parameter &amp;apos;browser&amp;apos; is required by BeforeClass on method setup but has not been marked @Optional or defined
">
      <![CDATA[org.testng.TestNGException: 
Parameter 'browser' is required by BeforeClass on method setup but has not been marked @Optional or defined

at java.base/java.util.ArrayList.forEach(ArrayList.java:1604)
... Removed 27 stack frames]]>
    </failure>
  </testcase> <!-- @BeforeClass setup -->
  <testcase classname="org.firsttestng.LoginTest" name="testLogin" time="3.546"/>
  <testcase classname="org.firsttestng.OraneHRMTest" name="openapp" time="7.463"/>
  <testcase classname="org.firsttestng.OraneHRMTest" name="testlogo" time="2.053"/>
  <testcase classname="org.firsttestng.OraneHRMTest" name="testLogin" time="0.381"/>
  <testcase classname="org.firsttestng.OraneHRMTest" name="closeApp" time="0.256"/>
  <testcase classname="org.firsttestng.ParameterTest" name="testLogo" time="0.0">
    <skipped/>
  </testcase> <!-- testLogo -->
  <testcase classname="org.firsttestng.ParameterTest" name="testTitle" time="0.001">
    <skipped/>
  </testcase> <!-- testTitle -->
  <testcase classname="org.firsttestng.ParameterTest" name="testUrl" time="0.0">
    <skipped/>
  </testcase> <!-- testUrl -->
  <testcase classname="org.firsttestng.ParameterTest" name="tearDown" time="0.0">
    <skipped/>
  </testcase> <!-- tearDown -->
  <testcase classname="org.testrunner.ParallelTest" name="tc1" time="0.0">
    <failure type="org.testng.TestNGException" message="
Parameter &amp;apos;browser&amp;apos; is required by @Test on method tc1 but has not been marked @Optional or defined
">
      <![CDATA[org.testng.TestNGException: 
Parameter 'browser' is required by @Test on method tc1 but has not been marked @Optional or defined

at java.base/java.util.ArrayList.forEach(ArrayList.java:1604)
... Removed 31 stack frames]]>
    </failure>
  </testcase> <!-- tc1 -->
  <testcase classname="org.testrunner.Test1" name="tc3" time="0.0">
    <failure type="org.testng.TestNGException" message="
Parameter &amp;apos;email&amp;apos; is required by @Test on method tc3 but has not been marked @Optional or defined
">
      <![CDATA[org.testng.TestNGException: 
Parameter 'email' is required by @Test on method tc3 but has not been marked @Optional or defined

at java.base/java.util.ArrayList.forEach(ArrayList.java:1604)
... Removed 31 stack frames]]>
    </failure>
  </testcase> <!-- tc3 -->
  <testcase classname="org.testrunner.Test11" name="tc1" time="0.0"/>
  <testcase classname="org.testrunner.Test11" name="tc2" time="0.0"/>
  <testcase classname="org.testrunner.Test11" name="tc3" time="0.001"/>
  <testcase classname="org.testrunner.Test11" name="tc4" time="0.001"/>
  <testcase classname="org.testrunner.Test11" name="tc5" time="0.001"/>
  <testcase classname="org.testrunner.TestRunner" name="tc7" time="6.611">
    <failure type="org.openqa.selenium.ElementClickInterceptedException" message="element click intercepted: Element &amp;lt;button type=&amp;quot;submit&amp;quot; data-qa=&amp;quot;signup-button&amp;quot; class=&amp;quot;btn btn-default&amp;quot;&amp;gt;...&amp;lt;/button&amp;gt; is not clickable at point (694, 420). Other element would receive the click: &amp;lt;iframe id=&amp;quot;aswift_3&amp;quot; name=&amp;quot;aswift_3&amp;quot; style=&amp;quot;min-height: auto; max-height: none; min-width: auto; max-width: none; width: 1005px !important; height: 124px !important; display: block; margin: 0px auto;&amp;quot; sandbox=&amp;quot;allow-forms allow-popups allow-popups-to-escape-sandbox allow-same-origin allow-scripts allow-top-navigation-by-user-activation&amp;quot; width=&amp;quot;1005&amp;quot; height=&amp;quot;124&amp;quot; frameborder=&amp;quot;0&amp;quot; marginwidth=&amp;quot;0&amp;quot; marginheight=&amp;quot;0&amp;quot; vspace=&amp;quot;0&amp;quot; hspace=&amp;quot;0&amp;quot; allowtransparency=&amp;quot;true&amp;quot; scrolling=&amp;quot;no&amp;quot; allow=&amp;quot;attribution-reporting; run-ad-auction&amp;quot; src=&amp;quot;https://googleads.g.doubleclick.net/pagead/html/r20260424/r20190131/zrt_lookup_fy2021.html#RS-1-&amp;amp;amp;adk=1812271801&amp;amp;amp;client=ca-pub-1677597403311019&amp;amp;amp;fa=1&amp;amp;amp;ifi=4&amp;amp;amp;uci=a!4&amp;amp;amp;btvi=2&amp;quot; data-google-container-id=&amp;quot;a!4&amp;quot; tabindex=&amp;quot;0&amp;quot; title=&amp;quot;Advertisement&amp;quot; aria-label=&amp;quot;Advertisement&amp;quot; data-google-query-id=&amp;quot;CJToyJ2tkJQDFeR0OAUdVAEY0Q&amp;quot; data-load-complete=&amp;quot;true&amp;quot;&amp;gt;&amp;lt;/iframe&amp;gt;
  (Session info: chrome=147.0.7727.116)
Build info: version: &amp;apos;4.21.0&amp;apos;, revision: &amp;apos;79ed462ef4&amp;apos;
System info: os.name: &amp;apos;Windows 11&amp;apos;, os.arch: &amp;apos;amd64&amp;apos;, os.version: &amp;apos;10.0&amp;apos;, java.version: &amp;apos;25.0.1&amp;apos;
Driver info: org.openqa.selenium.chrome.ChromeDriver
Command: [5be2ccfd9b158a06f718654f63fedb5c, clickElement {id=f.D120FBC2D2CC5AA06ED0706CA1B38B7E.d.BEFEB8078318260A512F99785432A642.e.15}]
Capabilities {acceptInsecureCerts: false, browserName: chrome, browserVersion: 147.0.7727.116, chrome: {chromedriverVersion: 147.0.7727.117 (474cc805edd..., userDataDir: C:\Users\ADMINI~1\AppData\L...}, fedcm:accounts: true, goog:chromeOptions: {debuggerAddress: localhost:56086}, goog:processID: 5568, networkConnectionEnabled: false, pageLoadStrategy: normal, platformName: windows, proxy: Proxy(), se:cdp: ws://localhost:56086/devtoo..., se:cdpVersion: 147.0.7727.116, setWindowRect: true, strictFileInteractability: false, timeouts: {implicit: 0, pageLoad: 300000, script: 30000}, unhandledPromptBehavior: dismiss and notify, webauthn:extension:credBlob: true, webauthn:extension:largeBlob: true, webauthn:extension:minPinLength: true, webauthn:extension:prf: true, webauthn:virtualAuthenticators: true}
Element: [[ChromeDriver: chrome on windows (5be2ccfd9b158a06f718654f63fedb5c)] -&amp;gt; xpath: //button[text()=&amp;apos;Signup&amp;apos;]]
Session ID: 5be2ccfd9b158a06f718654f63fedb5c">
      <![CDATA[org.openqa.selenium.ElementClickInterceptedException: element click intercepted: Element <button type="submit" data-qa="signup-button" class="btn btn-default">...</button> is not clickable at point (694, 420). Other element would receive the click: <iframe id="aswift_3" name="aswift_3" style="min-height: auto; max-height: none; min-width: auto; max-width: none; width: 1005px !important; height: 124px !important; display: block; margin: 0px auto;" sandbox="allow-forms allow-popups allow-popups-to-escape-sandbox allow-same-origin allow-scripts allow-top-navigation-by-user-activation" width="1005" height="124" frameborder="0" marginwidth="0" marginheight="0" vspace="0" hspace="0" allowtransparency="true" scrolling="no" allow="attribution-reporting; run-ad-auction" src="https://googleads.g.doubleclick.net/pagead/html/r20260424/r20190131/zrt_lookup_fy2021.html#RS-1-&amp;adk=1812271801&amp;client=ca-pub-1677597403311019&amp;fa=1&amp;ifi=4&amp;uci=a!4&amp;btvi=2" data-google-container-id="a!4" tabindex="0" title="Advertisement" aria-label="Advertisement" data-google-query-id="CJToyJ2tkJQDFeR0OAUdVAEY0Q" data-load-complete="true"></iframe>
  (Session info: chrome=147.0.7727.116)
Build info: version: '4.21.0', revision: '79ed462ef4'
System info: os.name: 'Windows 11', os.arch: 'amd64', os.version: '10.0', java.version: '25.0.1'
Driver info: org.openqa.selenium.chrome.ChromeDriver
Command: [5be2ccfd9b158a06f718654f63fedb5c, clickElement {id=f.D120FBC2D2CC5AA06ED0706CA1B38B7E.d.BEFEB8078318260A512F99785432A642.e.15}]
Capabilities {acceptInsecureCerts: false, browserName: chrome, browserVersion: 147.0.7727.116, chrome: {chromedriverVersion: 147.0.7727.117 (474cc805edd..., userDataDir: C:\Users\ADMINI~1\AppData\L...}, fedcm:accounts: true, goog:chromeOptions: {debuggerAddress: localhost:56086}, goog:processID: 5568, networkConnectionEnabled: false, pageLoadStrategy: normal, platformName: windows, proxy: Proxy(), se:cdp: ws://localhost:56086/devtoo..., se:cdpVersion: 147.0.7727.116, setWindowRect: true, strictFileInteractability: false, timeouts: {implicit: 0, pageLoad: 300000, script: 30000}, unhandledPromptBehavior: dismiss and notify, webauthn:extension:credBlob: true, webauthn:extension:largeBlob: true, webauthn:extension:minPinLength: true, webauthn:extension:prf: true, webauthn:virtualAuthenticators: true}
Element: [[ChromeDriver: chrome on windows (5be2ccfd9b158a06f718654f63fedb5c)] -> xpath: //button[text()='Signup']]
Session ID: 5be2ccfd9b158a06f718654f63fedb5c
at org.openqa.selenium.remote.ErrorCodec.decode(ErrorCodec.java:167)
at org.openqa.selenium.remote.codec.w3c.W3CHttpResponseCodec.decode(W3CHttpResponseCodec.java:138)
at org.openqa.selenium.remote.codec.w3c.W3CHttpResponseCodec.decode(W3CHttpResponseCodec.java:50)
at org.openqa.selenium.remote.HttpCommandExecutor.execute(HttpCommandExecutor.java:190)
at org.openqa.selenium.remote.service.DriverCommandExecutor.invokeExecute(DriverCommandExecutor.java:216)
at org.openqa.selenium.remote.service.DriverCommandExecutor.execute(DriverCommandExecutor.java:174)
at org.openqa.selenium.remote.RemoteWebDriver.execute(RemoteWebDriver.java:518)
at org.openqa.selenium.remote.RemoteWebElement.execute(RemoteWebElement.java:223)
at org.openqa.selenium.remote.RemoteWebElement.click(RemoteWebElement.java:76)
at org.openqa.selenium.support.pagefactory.internal.LocatingElementHandler.invoke(LocatingElementHandler.java:51)
at jdk.proxy2/jdk.proxy2.$Proxy11.click(Unknown Source)
at org.baseclass.Baseclass1.waitAndClick(Baseclass1.java:100)
at org.page.LoginPage.login(LoginPage.java:62)
at org.testrunner.TestRunner.tc7(TestRunner.java:15)
at java.base/java.util.ArrayList.forEach(ArrayList.java:1604)
... Removed 35 stack frames]]>
    </failure>
  </testcase> <!-- tc7 -->
  <testcase classname="org.testrunner.TestRunner" name="tc7" time="7.034"/>
  <testcase classname="org.testrunner.TestRunner" name="tc7" time="5.688"/>
  <testcase classname="org.testrunner.TestRunnerrr" name="tc7" time="0.004"/>
  <testcase classname="org.testrunner.TestRunnerrr" name="tc7" time="0.001"/>
  <testcase classname="org.testrunner.TestRunnerrr" name="tc7" time="0.002"/>
  <testcase classname="org.testrunner.TestRunnerrr" name="tc7" time="0.001"/>
  <testcase classname="org.testrunner.TestRunnerTest" name="tc1" time="0.004"/>
  <testcase classname="org.testrunner.TestRunnerTest" name="tc2" time="0.0">
    <ignored/>
  </testcase> <!-- tc2 -->
  <testcase classname="org.testrunner.TestRunnerTest" name="tc3" time="0.0">
    <ignored/>
  </testcase> <!-- tc3 -->
</testsuite> <!-- Surefire test -->
