<?xml version="1.0" encoding="UTF-8"?>
<!-- Generated by org.testng.reporters.JUnitXMLReporter -->
<testsuite ignored="0" hostname="DESKTOP-BUGKGO7" failures="0" tests="1" name="ChromeTest" time="5.488" errors="0" timestamp="2026-04-28T16:55:56 IST">
  <testcase classname="org.testrunner.ParallelTest" name="@AfterClass tr2" time="0.001">
    <failure type="java.lang.NullPointerException" message="Cannot invoke &amp;quot;org.baseclass.Baseclass1.closeBrowser()&amp;quot; because &amp;quot;this.b&amp;quot; is null">
      <![CDATA[java.lang.NullPointerException: Cannot invoke "org.baseclass.Baseclass1.closeBrowser()" because "this.b" is null
at org.testrunner.ParallelTest.tr2(ParallelTest.java:33)
at java.base/java.util.ArrayList.forEach(ArrayList.java:1604)
at java.base/java.util.concurrent.FutureTask.run(FutureTask.java:328)
at java.base/java.util.concurrent.ThreadPoolExecutor.runWorker(ThreadPoolExecutor.java:1090)
at java.base/java.util.concurrent.ThreadPoolExecutor$Worker.run(ThreadPoolExecutor.java:614)
at java.base/java.lang.Thread.run(Thread.java:1474)
... Removed 14 stack frames]]>
    </failure>
  </testcase> <!-- @AfterClass tr2 -->
  <testcase classname="org.testrunner.ParallelTest" name="tc1" time="5.393"/>
</testsuite> <!-- ChromeTest -->
