<?xml version="1.0" encoding="UTF-8"?>
<testng-results ignored="0" total="4" passed="4" failed="0" skipped="0">
  <reporter-output>
  </reporter-output>
  <suite started-at="2026-05-06T09:42:10 IST" name="Default suite" finished-at="2026-05-06T09:42:12 IST" duration-ms="1555">
    <groups>
    </groups>
    <test started-at="2026-05-06T09:42:10 IST" name="Default test" finished-at="2026-05-06T09:42:12 IST" duration-ms="1555">
      <class name="org.testrunner.TestRunnerrr">
        <test-method signature="tc7(java.lang.String,java.lang.String,java.lang.String)[pri:0, instance:org.testrunner.TestRunnerrr@74fe5c40]" started-at="2026-05-06T09:42:12 IST" name="tc7" data-provider="excelData" finished-at="2026-05-06T09:42:12 IST" duration-ms="16" status="PASS">
          <params>
            <param index="0">
              <value>
                <![CDATA[gdhgf]]>
              </value>
            </param>
            <param index="1">
              <value>
                <![CDATA[Sharmila devi]]>
              </value>
            </param>
            <param index="2">
              <value>
                <![CDATA[2026-10-12]]>
              </value>
            </param>
          </params>
          <reporter-output>
          </reporter-output>
        </test-method> <!-- tc7 -->
        <test-method signature="tc7(java.lang.String,java.lang.String,java.lang.String)[pri:0, instance:org.testrunner.TestRunnerrr@74fe5c40]" started-at="2026-05-06T09:42:12 IST" name="tc7" data-provider="excelData" finished-at="2026-05-06T09:42:12 IST" duration-ms="3" status="PASS">
          <params>
            <param index="0">
              <value>
                <![CDATA[sdsd]]>
              </value>
            </param>
            <param index="1">
              <value>
                <![CDATA[sdfdf]]>
              </value>
            </param>
            <param index="2">
              <value>
                <![CDATA[2026-10-17]]>
              </value>
            </param>
          </params>
          <reporter-output>
          </reporter-output>
        </test-method> <!-- tc7 -->
        <test-method signature="tc7(java.lang.String,java.lang.String,java.lang.String)[pri:0, instance:org.testrunner.TestRunnerrr@74fe5c40]" started-at="2026-05-06T09:42:12 IST" name="tc7" data-provider="excelData" finished-at="2026-05-06T09:42:12 IST" duration-ms="2" status="PASS">
          <params>
            <param index="0">
              <value>
                <![CDATA[asdsd]]>
              </value>
            </param>
            <param index="1">
              <value>
                <![CDATA[dsfdssf]]>
              </value>
            </param>
            <param index="2">
              <value>
                <![CDATA[2026-10-22]]>
              </value>
            </param>
          </params>
          <reporter-output>
          </reporter-output>
        </test-method> <!-- tc7 -->
        <test-method signature="tc7(java.lang.String,java.lang.String,java.lang.String)[pri:0, instance:org.testrunner.TestRunnerrr@74fe5c40]" started-at="2026-05-06T09:42:12 IST" name="tc7" data-provider="excelData" finished-at="2026-05-06T09:42:12 IST" duration-ms="1" status="PASS">
          <params>
            <param index="0">
              <value>
                <![CDATA[asdaf]]>
              </value>
            </param>
            <param index="1">
              <value>
                <![CDATA[\zdsdasd]]>
              </value>
            </param>
            <param index="2">
              <value>
                <![CDATA[2026-10-27]]>
              </value>
            </param>
          </params>
          <reporter-output>
          </reporter-output>
        </test-method> <!-- tc7 -->
      </class> <!-- org.testrunner.TestRunnerrr -->
    </test> <!-- Default test -->
  </suite> <!-- Default suite -->
</testng-results>
