<?xml version="1.0" encoding="UTF-8"?>
<!-- Generated by org.testng.reporters.JUnitReportReporter -->
<testsuite hostname="DESKTOP-BUGKGO7" failures="0" tests="3" name="org.testrunner.Test11" time="0.013" errors="0" timestamp="2026-04-22T12:45:39 IST" skipped="0">
  <testcase classname="org.testrunner.Test11" name="tc1" time="0.011"/>
  <testcase classname="org.testrunner.Test11" name="tc5" time="0.001"/>
  <testcase classname="org.testrunner.Test11" name="tc4" time="0.001"/>
</testsuite> <!-- org.testrunner.Test11 -->
