<?xml version="1.0" encoding="UTF-8"?>
<!-- Generated by org.testng.reporters.JUnitReportReporter -->
<testsuite hostname="DESKTOP-BUGKGO7" failures="0" tests="4" name="org.testrunner.TestRunnerrr" time="0.022" errors="0" timestamp="2026-05-06T09:42:12 IST" skipped="0">
  <testcase classname="org.testrunner.TestRunnerrr" name="tc7" time="0.003"/>
  <testcase classname="org.testrunner.TestRunnerrr" name="tc7" time="0.002"/>
  <testcase classname="org.testrunner.TestRunnerrr" name="tc7" time="0.016"/>
  <testcase classname="org.testrunner.TestRunnerrr" name="tc7" time="0.001"/>
</testsuite> <!-- org.testrunner.TestRunnerrr -->
