<?xml version="1.0" encoding="UTF-8"?>
<!-- Generated by org.testng.reporters.JUnitReportReporter -->
<testsuite hostname="DESKTOP-BUGKGO7" failures="0" tests="4" name="org.firsttestng.OraneHRMTest" time="10.222" errors="0" timestamp="2026-04-19T12:29:11 IST" skipped="0">
  <testcase classname="org.firsttestng.OraneHRMTest" name="openapp" time="7.044"/>
  <testcase classname="org.firsttestng.OraneHRMTest" name="testlogo" time="2.136"/>
  <testcase classname="org.firsttestng.OraneHRMTest" name="testLogin" time="0.694"/>
  <testcase classname="org.firsttestng.OraneHRMTest" name="closeApp" time="0.348"/>
</testsuite> <!-- org.firsttestng.OraneHRMTest -->
