<?xml version="1.0" encoding="UTF-8"?>
<!-- Generated by org.testng.reporters.JUnitReportReporter -->
<testsuite hostname="DESKTOP-BUGKGO7" failures="0" tests="2" name="org.firsttestng.AnnotationsDemo1" time="0.035" errors="0" timestamp="2026-04-21T18:50:27 IST" skipped="0">
  <testcase classname="org.firsttestng.AnnotationsDemo1" name="Search" time="0.034"/>
  <testcase classname="org.firsttestng.AnnotationsDemo1" name="advanceSearch" time="0.001"/>
</testsuite> <!-- org.firsttestng.AnnotationsDemo1 -->
