<?xml version="1.0" encoding="UTF-8"?>
<!-- Generated by org.testng.reporters.JUnitReportReporter -->
<testsuite hostname="DESKTOP-BUGKGO7" failures="0" tests="3" name="org.testrunner.TestRunnerTest" time="0.016" errors="0" timestamp="2026-04-22T12:12:20 IST" skipped="2">
  <testcase classname="org.testrunner.TestRunnerTest" name="tc1" time="0.016"/>
  <testcase classname="org.testrunner.TestRunnerTest" name="tc3">
    <skipped/>
  </testcase> <!-- tc3 -->
  <testcase classname="org.testrunner.TestRunnerTest" name="tc2">
    <skipped/>
  </testcase> <!-- tc2 -->
</testsuite> <!-- org.testrunner.TestRunnerTest -->
