<?xml version="1.0" encoding="UTF-8"?>
<!-- Generated by org.testng.reporters.JUnitReportReporter -->
<testsuite hostname="DESKTOP-BUGKGO7" failures="0" tests="3" name="org.firsttestng.FirstTestCase" time="0.029" errors="0" timestamp="2026-04-17T12:27:30 IST" skipped="0">
  <testcase classname="org.firsttestng.FirstTestCase" name="openapp" time="0.024"/>
  <testcase classname="org.firsttestng.FirstTestCase" name="login" time="0.002"/>
  <testcase classname="org.firsttestng.FirstTestCase" name="logout" time="0.003"/>
</testsuite> <!-- org.firsttestng.FirstTestCase -->
