<?xml version="1.0" encoding="UTF-8"?>
<!-- Generated by org.testng.reporters.JUnitReportReporter -->
<testsuite hostname="DESKTOP-BUGKGO7" failures="0" tests="5" name="org.testrunner.Test11" time="0.003" errors="0" timestamp="2026-04-28T16:08:25 IST" skipped="0">
  <testcase classname="org.testrunner.Test11" name="tc3" time="0.001"/>
  <testcase classname="org.testrunner.Test11" name="tc5" time="0.001"/>
  <testcase classname="org.testrunner.Test11" name="tc1" time="0.000"/>
  <testcase classname="org.testrunner.Test11" name="tc4" time="0.001"/>
  <testcase classname="org.testrunner.Test11" name="tc2" time="0.000"/>
</testsuite> <!-- org.testrunner.Test11 -->
