<?xml version="1.0" encoding="UTF-8"?>
<!-- Generated by org.testng.reporters.JUnitReportReporter -->
<testsuite hostname="DESKTOP-BUGKGO7" failures="0" tests="4" name="org.firsttestng.OraneHRMTest" time="10.153" errors="0" timestamp="2026-04-28T16:08:25 IST" skipped="0">
  <testcase classname="org.firsttestng.OraneHRMTest" name="openapp" time="7.463"/>
  <testcase classname="org.firsttestng.OraneHRMTest" name="testlogo" time="2.053"/>
  <testcase classname="org.firsttestng.OraneHRMTest" name="testLogin" time="0.381"/>
  <testcase classname="org.firsttestng.OraneHRMTest" name="closeApp" time="0.256"/>
</testsuite> <!-- org.firsttestng.OraneHRMTest -->
