<?xml version="1.0" encoding="UTF-8"?>
<!-- Generated by org.testng.reporters.JUnitReportReporter -->
<testsuite hostname="DESKTOP-BUGKGO7" failures="0" tests="4" name="org.testrunner.TestRunnerrr" time="0.008" errors="0" timestamp="2026-04-28T16:08:25 IST" skipped="0">
  <testcase classname="org.testrunner.TestRunnerrr" name="tc7" time="0.001"/>
  <testcase classname="org.testrunner.TestRunnerrr" name="tc7" time="0.002"/>
  <testcase classname="org.testrunner.TestRunnerrr" name="tc7" time="0.004"/>
  <testcase classname="org.testrunner.TestRunnerrr" name="tc7" time="0.001"/>
</testsuite> <!-- org.testrunner.TestRunnerrr -->
